[WS] server started
[WS] server started
[WS] server started
[WS] server started
[WS] server started
[WS] server started
[WS] server started
[WS] server started
[WS ERROR] SQLSTATE[42S22]: Column not found: 1054 Unknown column 'username' in 'field list'
#0 E:\仕事\IGNIS様\WebSocketChat\app\model\User.php(32): PDO->prepare()
#1 E:\仕事\IGNIS様\WebSocketChat\app\service\ChatService.php(44): User->findById()
#2 E:\仕事\IGNIS様\WebSocketChat\Websocket\Server.php(44): ChatService->sendMessage()
#3 E:\仕事\IGNIS様\WebSocketChat\vendor\cboden\ratchet\src\Ratchet\WebSocket\WsServer.php(75): ChatServer->onMessage()
#4 E:\仕事\IGNIS様\WebSocketChat\vendor\cboden\ratchet\src\Ratchet\WebSocket\WsServer.php(131): Ratchet\WebSocket\WsServer->{closure:Ratchet\WebSocket\WsServer::__construct():74}()
#5 E:\仕事\IGNIS様\WebSocketChat\vendor\ratchet\rfc6455\src\Messaging\MessageBuffer.php(248): Ratchet\WebSocket\WsServer->{closure:Ratchet\WebSocket\WsServer::onOpen():129}()
#6 E:\仕事\IGNIS様\WebSocketChat\vendor\ratchet\rfc6455\src\Messaging\MessageBuffer.php(194): Ratchet\RFC6455\Messaging\MessageBuffer->processData()
#7 E:\仕事\IGNIS様\WebSocketChat\vendor\cboden\ratchet\src\Ratchet\WebSocket\WsServer.php(153): Ratchet\RFC6455\Messaging\MessageBuffer->onData()
#8 E:\仕事\IGNIS様\WebSocketChat\vendor\cboden\ratchet\src\Ratchet\Http\HttpServer.php(54): Ratchet\WebSocket\WsServer->onMessage()
#9 E:\仕事\IGNIS様\WebSocketChat\vendor\cboden\ratchet\src\Ratchet\Server\IoServer.php(112): Ratchet\Http\HttpServer->onMessage()
#10 E:\仕事\IGNIS様\WebSocketChat\vendor\cboden\ratchet\src\Ratchet\Server\IoServer.php(95): Ratchet\Server\IoServer->handleData()
#11 E:\仕事\IGNIS様\WebSocketChat\vendor\evenement\evenement\src\EventEmitterTrait.php(143): Ratchet\Server\IoServer->{closure:Ratchet\Server\IoServer::handleConnect():94}()
#12 E:\仕事\IGNIS様\WebSocketChat\vendor\react\stream\src\Util.php(71): Evenement\EventEmitter->emit()
#13 E:\仕事\IGNIS様\WebSocketChat\vendor\evenement\evenement\src\EventEmitterTrait.php(143): React\Stream\Util::{closure:React\Stream\Util::forwardEvents():70}()
#14 E:\仕事\IGNIS様\WebSocketChat\vendor\react\stream\src\DuplexResourceStream.php(209): Evenement\EventEmitter->emit()
#15 E:\仕事\IGNIS様\WebSocketChat\vendor\react\event-loop\src\StreamSelectLoop.php(246): React\Stream\DuplexResourceStream->handleData()
#16 E:\仕事\IGNIS様\WebSocketChat\vendor\react\event-loop\src\StreamSelectLoop.php(213): React\EventLoop\StreamSelectLoop->waitForStreamActivity()
#17 E:\仕事\IGNIS様\WebSocketChat\vendor\cboden\ratchet\src\Ratchet\Server\IoServer.php(74): React\EventLoop\StreamSelectLoop->run()
#18 E:\仕事\IGNIS様\WebSocketChat\Websocket\Server.php(88): Ratchet\Server\IoServer->run()
#19 {main}
[WS ERROR] SQLSTATE[42S22]: Column not found: 1054 Unknown column 'username' in 'field list'
#0 E:\仕事\IGNIS様\WebSocketChat\app\model\User.php(32): PDO->prepare()
#1 E:\仕事\IGNIS様\WebSocketChat\app\service\ChatService.php(44): User->findById()
#2 E:\仕事\IGNIS様\WebSocketChat\Websocket\Server.php(44): ChatService->sendMessage()
#3 E:\仕事\IGNIS様\WebSocketChat\vendor\cboden\ratchet\src\Ratchet\WebSocket\WsServer.php(75): ChatServer->onMessage()
#4 E:\仕事\IGNIS様\WebSocketChat\vendor\cboden\ratchet\src\Ratchet\WebSocket\WsServer.php(131): Ratchet\WebSocket\WsServer->{closure:Ratchet\WebSocket\WsServer::__construct():74}()
#5 E:\仕事\IGNIS様\WebSocketChat\vendor\ratchet\rfc6455\src\Messaging\MessageBuffer.php(248): Ratchet\WebSocket\WsServer->{closure:Ratchet\WebSocket\WsServer::onOpen():129}()
#6 E:\仕事\IGNIS様\WebSocketChat\vendor\ratchet\rfc6455\src\Messaging\MessageBuffer.php(194): Ratchet\RFC6455\Messaging\MessageBuffer->processData()
#7 E:\仕事\IGNIS様\WebSocketChat\vendor\cboden\ratchet\src\Ratchet\WebSocket\WsServer.php(153): Ratchet\RFC6455\Messaging\MessageBuffer->onData()
#8 E:\仕事\IGNIS様\WebSocketChat\vendor\cboden\ratchet\src\Ratchet\Http\HttpServer.php(54): Ratchet\WebSocket\WsServer->onMessage()
#9 E:\仕事\IGNIS様\WebSocketChat\vendor\cboden\ratchet\src\Ratchet\Server\IoServer.php(112): Ratchet\Http\HttpServer->onMessage()
#10 E:\仕事\IGNIS様\WebSocketChat\vendor\cboden\ratchet\src\Ratchet\Server\IoServer.php(95): Ratchet\Server\IoServer->handleData()
#11 E:\仕事\IGNIS様\WebSocketChat\vendor\evenement\evenement\src\EventEmitterTrait.php(143): Ratchet\Server\IoServer->{closure:Ratchet\Server\IoServer::handleConnect():94}()
#12 E:\仕事\IGNIS様\WebSocketChat\vendor\react\stream\src\Util.php(71): Evenement\EventEmitter->emit()
#13 E:\仕事\IGNIS様\WebSocketChat\vendor\evenement\evenement\src\EventEmitterTrait.php(143): React\Stream\Util::{closure:React\Stream\Util::forwardEvents():70}()
#14 E:\仕事\IGNIS様\WebSocketChat\vendor\react\stream\src\DuplexResourceStream.php(209): Evenement\EventEmitter->emit()
#15 E:\仕事\IGNIS様\WebSocketChat\vendor\react\event-loop\src\StreamSelectLoop.php(246): React\Stream\DuplexResourceStream->handleData()
#16 E:\仕事\IGNIS様\WebSocketChat\vendor\react\event-loop\src\StreamSelectLoop.php(213): React\EventLoop\StreamSelectLoop->waitForStreamActivity()
#17 E:\仕事\IGNIS様\WebSocketChat\vendor\cboden\ratchet\src\Ratchet\Server\IoServer.php(74): React\EventLoop\StreamSelectLoop->run()
#18 E:\仕事\IGNIS様\WebSocketChat\Websocket\Server.php(88): Ratchet\Server\IoServer->run()
#19 {main}
[WS ERROR] SQLSTATE[42S22]: Column not found: 1054 Unknown column 'username' in 'field list'
#0 E:\仕事\IGNIS様\WebSocketChat\app\model\User.php(32): PDO->prepare()
#1 E:\仕事\IGNIS様\WebSocketChat\app\service\ChatService.php(44): User->findById()
#2 E:\仕事\IGNIS様\WebSocketChat\Websocket\Server.php(44): ChatService->sendMessage()
#3 E:\仕事\IGNIS様\WebSocketChat\vendor\cboden\ratchet\src\Ratchet\WebSocket\WsServer.php(75): ChatServer->onMessage()
#4 E:\仕事\IGNIS様\WebSocketChat\vendor\cboden\ratchet\src\Ratchet\WebSocket\WsServer.php(131): Ratchet\WebSocket\WsServer->{closure:Ratchet\WebSocket\WsServer::__construct():74}()
#5 E:\仕事\IGNIS様\WebSocketChat\vendor\ratchet\rfc6455\src\Messaging\MessageBuffer.php(248): Ratchet\WebSocket\WsServer->{closure:Ratchet\WebSocket\WsServer::onOpen():129}()
#6 E:\仕事\IGNIS様\WebSocketChat\vendor\ratchet\rfc6455\src\Messaging\MessageBuffer.php(194): Ratchet\RFC6455\Messaging\MessageBuffer->processData()
#7 E:\仕事\IGNIS様\WebSocketChat\vendor\cboden\ratchet\src\Ratchet\WebSocket\WsServer.php(153): Ratchet\RFC6455\Messaging\MessageBuffer->onData()
#8 E:\仕事\IGNIS様\WebSocketChat\vendor\cboden\ratchet\src\Ratchet\Http\HttpServer.php(54): Ratchet\WebSocket\WsServer->onMessage()
#9 E:\仕事\IGNIS様\WebSocketChat\vendor\cboden\ratchet\src\Ratchet\Server\IoServer.php(112): Ratchet\Http\HttpServer->onMessage()
#10 E:\仕事\IGNIS様\WebSocketChat\vendor\cboden\ratchet\src\Ratchet\Server\IoServer.php(95): Ratchet\Server\IoServer->handleData()
#11 E:\仕事\IGNIS様\WebSocketChat\vendor\evenement\evenement\src\EventEmitterTrait.php(143): Ratchet\Server\IoServer->{closure:Ratchet\Server\IoServer::handleConnect():94}()
#12 E:\仕事\IGNIS様\WebSocketChat\vendor\react\stream\src\Util.php(71): Evenement\EventEmitter->emit()
#13 E:\仕事\IGNIS様\WebSocketChat\vendor\evenement\evenement\src\EventEmitterTrait.php(143): React\Stream\Util::{closure:React\Stream\Util::forwardEvents():70}()
#14 E:\仕事\IGNIS様\WebSocketChat\vendor\react\stream\src\DuplexResourceStream.php(209): Evenement\EventEmitter->emit()
#15 E:\仕事\IGNIS様\WebSocketChat\vendor\react\event-loop\src\StreamSelectLoop.php(246): React\Stream\DuplexResourceStream->handleData()
#16 E:\仕事\IGNIS様\WebSocketChat\vendor\react\event-loop\src\StreamSelectLoop.php(213): React\EventLoop\StreamSelectLoop->waitForStreamActivity()
#17 E:\仕事\IGNIS様\WebSocketChat\vendor\cboden\ratchet\src\Ratchet\Server\IoServer.php(74): React\EventLoop\StreamSelectLoop->run()
#18 E:\仕事\IGNIS様\WebSocketChat\Websocket\Server.php(88): Ratchet\Server\IoServer->run()
#19 {main}
[WS ERROR] SQLSTATE[42S22]: Column not found: 1054 Unknown column 'username' in 'field list'
#0 E:\仕事\IGNIS様\WebSocketChat\app\model\User.php(32): PDO->prepare()
#1 E:\仕事\IGNIS様\WebSocketChat\app\service\ChatService.php(44): User->findById()
#2 E:\仕事\IGNIS様\WebSocketChat\Websocket\Server.php(44): ChatService->sendMessage()
#3 E:\仕事\IGNIS様\WebSocketChat\vendor\cboden\ratchet\src\Ratchet\WebSocket\WsServer.php(75): ChatServer->onMessage()
#4 E:\仕事\IGNIS様\WebSocketChat\vendor\cboden\ratchet\src\Ratchet\WebSocket\WsServer.php(131): Ratchet\WebSocket\WsServer->{closure:Ratchet\WebSocket\WsServer::__construct():74}()
#5 E:\仕事\IGNIS様\WebSocketChat\vendor\ratchet\rfc6455\src\Messaging\MessageBuffer.php(248): Ratchet\WebSocket\WsServer->{closure:Ratchet\WebSocket\WsServer::onOpen():129}()
#6 E:\仕事\IGNIS様\WebSocketChat\vendor\ratchet\rfc6455\src\Messaging\MessageBuffer.php(194): Ratchet\RFC6455\Messaging\MessageBuffer->processData()
#7 E:\仕事\IGNIS様\WebSocketChat\vendor\cboden\ratchet\src\Ratchet\WebSocket\WsServer.php(153): Ratchet\RFC6455\Messaging\MessageBuffer->onData()
#8 E:\仕事\IGNIS様\WebSocketChat\vendor\cboden\ratchet\src\Ratchet\Http\HttpServer.php(54): Ratchet\WebSocket\WsServer->onMessage()
#9 E:\仕事\IGNIS様\WebSocketChat\vendor\cboden\ratchet\src\Ratchet\Server\IoServer.php(112): Ratchet\Http\HttpServer->onMessage()
#10 E:\仕事\IGNIS様\WebSocketChat\vendor\cboden\ratchet\src\Ratchet\Server\IoServer.php(95): Ratchet\Server\IoServer->handleData()
#11 E:\仕事\IGNIS様\WebSocketChat\vendor\evenement\evenement\src\EventEmitterTrait.php(143): Ratchet\Server\IoServer->{closure:Ratchet\Server\IoServer::handleConnect():94}()
#12 E:\仕事\IGNIS様\WebSocketChat\vendor\react\stream\src\Util.php(71): Evenement\EventEmitter->emit()
#13 E:\仕事\IGNIS様\WebSocketChat\vendor\evenement\evenement\src\EventEmitterTrait.php(143): React\Stream\Util::{closure:React\Stream\Util::forwardEvents():70}()
#14 E:\仕事\IGNIS様\WebSocketChat\vendor\react\stream\src\DuplexResourceStream.php(209): Evenement\EventEmitter->emit()
#15 E:\仕事\IGNIS様\WebSocketChat\vendor\react\event-loop\src\StreamSelectLoop.php(246): React\Stream\DuplexResourceStream->handleData()
#16 E:\仕事\IGNIS様\WebSocketChat\vendor\react\event-loop\src\StreamSelectLoop.php(213): React\EventLoop\StreamSelectLoop->waitForStreamActivity()
#17 E:\仕事\IGNIS様\WebSocketChat\vendor\cboden\ratchet\src\Ratchet\Server\IoServer.php(74): React\EventLoop\StreamSelectLoop->run()
#18 E:\仕事\IGNIS様\WebSocketChat\Websocket\Server.php(88): Ratchet\Server\IoServer->run()
#19 {main}
[WS ERROR] SQLSTATE[42S22]: Column not found: 1054 Unknown column 'username' in 'field list'
#0 E:\仕事\IGNIS様\WebSocketChat\app\model\User.php(32): PDO->prepare()
#1 E:\仕事\IGNIS様\WebSocketChat\app\service\ChatService.php(44): User->findById()
#2 E:\仕事\IGNIS様\WebSocketChat\Websocket\Server.php(44): ChatService->sendMessage()
#3 E:\仕事\IGNIS様\WebSocketChat\vendor\cboden\ratchet\src\Ratchet\WebSocket\WsServer.php(75): ChatServer->onMessage()
#4 E:\仕事\IGNIS様\WebSocketChat\vendor\cboden\ratchet\src\Ratchet\WebSocket\WsServer.php(131): Ratchet\WebSocket\WsServer->{closure:Ratchet\WebSocket\WsServer::__construct():74}()
#5 E:\仕事\IGNIS様\WebSocketChat\vendor\ratchet\rfc6455\src\Messaging\MessageBuffer.php(248): Ratchet\WebSocket\WsServer->{closure:Ratchet\WebSocket\WsServer::onOpen():129}()
#6 E:\仕事\IGNIS様\WebSocketChat\vendor\ratchet\rfc6455\src\Messaging\MessageBuffer.php(194): Ratchet\RFC6455\Messaging\MessageBuffer->processData()
#7 E:\仕事\IGNIS様\WebSocketChat\vendor\cboden\ratchet\src\Ratchet\WebSocket\WsServer.php(153): Ratchet\RFC6455\Messaging\MessageBuffer->onData()
#8 E:\仕事\IGNIS様\WebSocketChat\vendor\cboden\ratchet\src\Ratchet\Http\HttpServer.php(54): Ratchet\WebSocket\WsServer->onMessage()
#9 E:\仕事\IGNIS様\WebSocketChat\vendor\cboden\ratchet\src\Ratchet\Server\IoServer.php(112): Ratchet\Http\HttpServer->onMessage()
#10 E:\仕事\IGNIS様\WebSocketChat\vendor\cboden\ratchet\src\Ratchet\Server\IoServer.php(95): Ratchet\Server\IoServer->handleData()
#11 E:\仕事\IGNIS様\WebSocketChat\vendor\evenement\evenement\src\EventEmitterTrait.php(143): Ratchet\Server\IoServer->{closure:Ratchet\Server\IoServer::handleConnect():94}()
#12 E:\仕事\IGNIS様\WebSocketChat\vendor\react\stream\src\Util.php(71): Evenement\EventEmitter->emit()
#13 E:\仕事\IGNIS様\WebSocketChat\vendor\evenement\evenement\src\EventEmitterTrait.php(143): React\Stream\Util::{closure:React\Stream\Util::forwardEvents():70}()
#14 E:\仕事\IGNIS様\WebSocketChat\vendor\react\stream\src\DuplexResourceStream.php(209): Evenement\EventEmitter->emit()
#15 E:\仕事\IGNIS様\WebSocketChat\vendor\react\event-loop\src\StreamSelectLoop.php(246): React\Stream\DuplexResourceStream->handleData()
#16 E:\仕事\IGNIS様\WebSocketChat\vendor\react\event-loop\src\StreamSelectLoop.php(213): React\EventLoop\StreamSelectLoop->waitForStreamActivity()
#17 E:\仕事\IGNIS様\WebSocketChat\vendor\cboden\ratchet\src\Ratchet\Server\IoServer.php(74): React\EventLoop\StreamSelectLoop->run()
#18 E:\仕事\IGNIS様\WebSocketChat\Websocket\Server.php(88): Ratchet\Server\IoServer->run()
#19 {main}
[WS ERROR] SQLSTATE[42S22]: Column not found: 1054 Unknown column 'username' in 'field list'
#0 E:\仕事\IGNIS様\WebSocketChat\app\model\User.php(32): PDO->prepare()
#1 E:\仕事\IGNIS様\WebSocketChat\app\service\ChatService.php(44): User->findById()
#2 E:\仕事\IGNIS様\WebSocketChat\Websocket\Server.php(44): ChatService->sendMessage()
#3 E:\仕事\IGNIS様\WebSocketChat\vendor\cboden\ratchet\src\Ratchet\WebSocket\WsServer.php(75): ChatServer->onMessage()
#4 E:\仕事\IGNIS様\WebSocketChat\vendor\cboden\ratchet\src\Ratchet\WebSocket\WsServer.php(131): Ratchet\WebSocket\WsServer->{closure:Ratchet\WebSocket\WsServer::__construct():74}()
#5 E:\仕事\IGNIS様\WebSocketChat\vendor\ratchet\rfc6455\src\Messaging\MessageBuffer.php(248): Ratchet\WebSocket\WsServer->{closure:Ratchet\WebSocket\WsServer::onOpen():129}()
#6 E:\仕事\IGNIS様\WebSocketChat\vendor\ratchet\rfc6455\src\Messaging\MessageBuffer.php(194): Ratchet\RFC6455\Messaging\MessageBuffer->processData()
#7 E:\仕事\IGNIS様\WebSocketChat\vendor\cboden\ratchet\src\Ratchet\WebSocket\WsServer.php(153): Ratchet\RFC6455\Messaging\MessageBuffer->onData()
#8 E:\仕事\IGNIS様\WebSocketChat\vendor\cboden\ratchet\src\Ratchet\Http\HttpServer.php(54): Ratchet\WebSocket\WsServer->onMessage()
#9 E:\仕事\IGNIS様\WebSocketChat\vendor\cboden\ratchet\src\Ratchet\Server\IoServer.php(112): Ratchet\Http\HttpServer->onMessage()
#10 E:\仕事\IGNIS様\WebSocketChat\vendor\cboden\ratchet\src\Ratchet\Server\IoServer.php(95): Ratchet\Server\IoServer->handleData()
#11 E:\仕事\IGNIS様\WebSocketChat\vendor\evenement\evenement\src\EventEmitterTrait.php(143): Ratchet\Server\IoServer->{closure:Ratchet\Server\IoServer::handleConnect():94}()
#12 E:\仕事\IGNIS様\WebSocketChat\vendor\react\stream\src\Util.php(71): Evenement\EventEmitter->emit()
#13 E:\仕事\IGNIS様\WebSocketChat\vendor\evenement\evenement\src\EventEmitterTrait.php(143): React\Stream\Util::{closure:React\Stream\Util::forwardEvents():70}()
#14 E:\仕事\IGNIS様\WebSocketChat\vendor\react\stream\src\DuplexResourceStream.php(209): Evenement\EventEmitter->emit()
#15 E:\仕事\IGNIS様\WebSocketChat\vendor\react\event-loop\src\StreamSelectLoop.php(246): React\Stream\DuplexResourceStream->handleData()
#16 E:\仕事\IGNIS様\WebSocketChat\vendor\react\event-loop\src\StreamSelectLoop.php(213): React\EventLoop\StreamSelectLoop->waitForStreamActivity()
#17 E:\仕事\IGNIS様\WebSocketChat\vendor\cboden\ratchet\src\Ratchet\Server\IoServer.php(74): React\EventLoop\StreamSelectLoop->run()
#18 E:\仕事\IGNIS様\WebSocketChat\Websocket\Server.php(88): Ratchet\Server\IoServer->run()
#19 {main}
[WS ERROR] SQLSTATE[42S22]: Column not found: 1054 Unknown column 'username' in 'field list'
#0 E:\仕事\IGNIS様\WebSocketChat\app\model\User.php(32): PDO->prepare()
#1 E:\仕事\IGNIS様\WebSocketChat\app\service\ChatService.php(44): User->findById()
#2 E:\仕事\IGNIS様\WebSocketChat\Websocket\Server.php(44): ChatService->sendMessage()
#3 E:\仕事\IGNIS様\WebSocketChat\vendor\cboden\ratchet\src\Ratchet\WebSocket\WsServer.php(75): ChatServer->onMessage()
#4 E:\仕事\IGNIS様\WebSocketChat\vendor\cboden\ratchet\src\Ratchet\WebSocket\WsServer.php(131): Ratchet\WebSocket\WsServer->{closure:Ratchet\WebSocket\WsServer::__construct():74}()
#5 E:\仕事\IGNIS様\WebSocketChat\vendor\ratchet\rfc6455\src\Messaging\MessageBuffer.php(248): Ratchet\WebSocket\WsServer->{closure:Ratchet\WebSocket\WsServer::onOpen():129}()
#6 E:\仕事\IGNIS様\WebSocketChat\vendor\ratchet\rfc6455\src\Messaging\MessageBuffer.php(194): Ratchet\RFC6455\Messaging\MessageBuffer->processData()
#7 E:\仕事\IGNIS様\WebSocketChat\vendor\cboden\ratchet\src\Ratchet\WebSocket\WsServer.php(153): Ratchet\RFC6455\Messaging\MessageBuffer->onData()
#8 E:\仕事\IGNIS様\WebSocketChat\vendor\cboden\ratchet\src\Ratchet\Http\HttpServer.php(54): Ratchet\WebSocket\WsServer->onMessage()
#9 E:\仕事\IGNIS様\WebSocketChat\vendor\cboden\ratchet\src\Ratchet\Server\IoServer.php(112): Ratchet\Http\HttpServer->onMessage()
#10 E:\仕事\IGNIS様\WebSocketChat\vendor\cboden\ratchet\src\Ratchet\Server\IoServer.php(95): Ratchet\Server\IoServer->handleData()
#11 E:\仕事\IGNIS様\WebSocketChat\vendor\evenement\evenement\src\EventEmitterTrait.php(143): Ratchet\Server\IoServer->{closure:Ratchet\Server\IoServer::handleConnect():94}()
#12 E:\仕事\IGNIS様\WebSocketChat\vendor\react\stream\src\Util.php(71): Evenement\EventEmitter->emit()
#13 E:\仕事\IGNIS様\WebSocketChat\vendor\evenement\evenement\src\EventEmitterTrait.php(143): React\Stream\Util::{closure:React\Stream\Util::forwardEvents():70}()
#14 E:\仕事\IGNIS様\WebSocketChat\vendor\react\stream\src\DuplexResourceStream.php(209): Evenement\EventEmitter->emit()
#15 E:\仕事\IGNIS様\WebSocketChat\vendor\react\event-loop\src\StreamSelectLoop.php(246): React\Stream\DuplexResourceStream->handleData()
#16 E:\仕事\IGNIS様\WebSocketChat\vendor\react\event-loop\src\StreamSelectLoop.php(213): React\EventLoop\StreamSelectLoop->waitForStreamActivity()
#17 E:\仕事\IGNIS様\WebSocketChat\vendor\cboden\ratchet\src\Ratchet\Server\IoServer.php(74): React\EventLoop\StreamSelectLoop->run()
#18 E:\仕事\IGNIS様\WebSocketChat\Websocket\Server.php(88): Ratchet\Server\IoServer->run()
#19 {main}
